make.exe all --print-data-base --no-builtin-variables --no-builtin-rules --question
make: *** No rule to make target 'all'.  Stop.
 
# GNU Make 4.3
# Built for x86_64-pc-cygwin
# Copyright (C) 1988-2020 Free Software Foundation, Inc.
# License GPLv3+: GNU GPL version 3 or later <http://gnu.org/licenses/gpl.html>
# This is free software: you are free to change and redistribute it.
# There is NO WARRANTY, to the extent permitted by law.

# Make data base, printed on Thu Aug 26 12:35:21 2021

# Variables

# environment
FPS_BROWSER_APP_PROFILE_STRING = Internet Explorer
# environment
SYSTEMDRIVE = C:
# environment
JAVA_HOME = C:\Program Files\Java\jdk1.8.0_181
# environment
LC_ALL = C
# environment
USERPROFILE = C:\Users\13440
# environment
IDF_PATH = D:\Esp-idf
# environment
MKL_SERIAL = YES
# environment
LOCALAPPDATA = C:\Users\13440\AppData\Local
# environment
VSCODE_IPC_HOOK_EXTHOST = \\.\pipe\vscode-ipc-6008b41b-d859-4b4e-99a4-5d368a9bd065-sock
# environment
VSCODE_CWD = C:\Users\13440\AppData\Local\Programs\Microsoft VS Code
# environment
SYSTEMROOT = C:\WINDOWS
# environment
 IDF_PYTHON_ENV_PATH = C:\Python
# environment
PROCESSOR_LEVEL = 6
# environment
PSMODULEPATH = %ProgramFiles%\WindowsPowerShell\Modules;C:\WINDOWS\system32\WindowsPowerShell\v1.0\Modules;D:\SqlServer\Sql\130\Tools\PowerShell\Modules\
# default
MAKE_COMMAND := make
# automatic
@D = $(patsubst %/,%,$(dir $@))
# environment
PATH1 = C:\Program Files (x86)\STMicroelectronics\st_toolset\asm;C:\Python\Scripts\;C:\Python\;"C:\Program Files\Java\jdk1.8.0_181\bin;C:\Program Files\Java\jdk1.8.0_181\jre\bin";C:\Program Files (x86)\Common Files\Oracle\Java\javapath;C:\WINDOWS\system32;C:\WINDOWS;C:\WINDOWS\System32\Wbem;C:\WINDOWS\System32\WindowsPowerShell\v1.0\;C:\WINDOWS\System32\OpenSSH\;C:\Program Files\Git\cmd;C:\Program Files\dotnet\;C:\Program Files\Java\jdk1.8.0_181\bin;C:\Program Files (x86)\NVIDIA Corporation\PhysX\Common;C:\Program Files\NVIDIA Corporation\NVIDIA NvDLISR;C:\Program Files\Common Files\Autodesk Shared\;C:\Program Files\Microsoft SQL Server\120\Tools\Binn\;D:\Matlab2018\runtime\win64;D:\Matlab2018\bin;C:\Program Files\Microsoft SQL Server\Client SDK\ODBC\110\Tools\Binn\;C:\Program Files (x86)\Microsoft SQL Server\120\Tools\Binn\;C:\Program Files\Microsoft SQL Server\120\DTS\Binn\;C:\Program Files (x86)\Windows Kits\8.1\Windows Performance Toolkit\;C:\Program Files\NVIDIA GPU Computing Toolkit\CUDA\v11.0\bin;C:\Program Files\NVIDIA GPU Computing Toolkit\CUDA\v11.0\include;C:\Program Files\NVIDIA GPU Computing Toolkit\CUDA\v11.0\lib\x64;C:\Program Files\NVIDIA Corporation\NVSMI;C:\Program Files (x86)\STMicroelectronics\STM32 ST-LINK Utility\ST-LINK Utility;C:\WINDOWS\system32;C:\WINDOWS;C:\WINDOWS\System32\Wbem;C:\WINDOWS\System32\WindowsPowerShell\v1.0\;D:\nodejs\;D:\nodejs\node_global\node_modules;D:\nodejs\node_global;C:\MinGW\bin;C:\WINDOWS\System32\OpenSSH\
# environment
CHROME_CRASHPAD_PIPE_NAME = \\.\pipe\crashpad_21976_QUHEZJWHLBGFDEIX
# environment
VSCODE_BROWSER_CODE_LOADING = bypassHeatCheck
# environment
!E: = e:\c_Program\TinySTL
# environment
FPS_BROWSER_USER_PROFILE_STRING = Default
# environment
VSCODE_HANDLES_UNCAUGHT_ERRORS = true
# default
.VARIABLES := 
# automatic
%D = $(patsubst %/,%,$(dir $%))
# environment
ESP_IDF_TOOLS = D:\Esp-tools\.espressif\tools\xtensa-esp32s2-elf\esp-2020r3-8.4.0\xtensa-esp32s2-elf\bin;D:\Esp-tools\.espressif\tools\xtensa-esp32-elf\esp-2020r3-8.4.0\xtensa-esp32-elf\bin;D:\Esp-tools\.espressif\tools\openocd-esp32\v0.10.0-esp32-20200709\openocd-esp32\bin;D:\Esp-tools\.espressif\tools\ninja\1.10.0;D:\Esp-tools\.espressif\tools\idf-exe\1.0.1;D:\Esp-tools\.espressif\tools\esp32ulp-elf\2.28.51-esp-20191205\esp32ulp-elf-binutils\bin;D:\Esp-tools\.espressif\tools\esp32s2ulp-elf\2.28.51-esp-20191205\esp32s2ulp-elf-binutils\bin;D:\Esp-tools\.espressif\tools\dfu-util\0.9\dfu-util-0.9-win64;D:\Esp-tools\.espressif\tools\cmake\3.16.4\bin;D:\Esp-tools\.espressif\tools\ccache\3.7;D:\Esp-tools\.espressif\python_env\idf4.2_py3.7_env\Scripts;D:\Esp-idf;
# environment
SW_SIM_HYDRA = C:\Program Files\Common Files\SolidWorks Shared\Simulation Worker Agent\
# automatic
^D = $(patsubst %/,%,$(dir $^))
# environment
VSCODE_LOG_STACK = false
# automatic
%F = $(notdir $%)
# environment
VSCODE_CODE_CACHE_PATH = C:\Users\13440\AppData\Roaming\Code\CachedData\3866c3553be8b268c8a7f8c0482c0c0177aa8bfa
# environment
LANG = C
# default
.LOADED := 
# environment
TMP = /cygdrive/c/Users/13440/AppData/Local/Temp
# default
.INCLUDE_DIRS = /usr/include /usr/include
# makefile
MAKEFLAGS = pqrR
# environment
ONEDRIVE = C:\Users\13440\OneDrive
# makefile
CURDIR := /cygdrive/e/c_Program/TinySTL
# environment
VSCODE_PIPE_LOGGING = true
# environment
APPLICATION_INSIGHTS_NO_DIAGNOSTIC_CHANNEL = true
# automatic
*D = $(patsubst %/,%,$(dir $*))
# environment
PROGRAMFILES = C:\Program Files
# environment
MFLAGS = -pqrR
# default
.SHELLFLAGS := -c
# environment
COMMONPROGRAMW6432 = C:\Program Files\Common Files
# automatic
+D = $(patsubst %/,%,$(dir $+))
# environment
IDF_TOOLS_PATH = D:\Esp-tools\.espressif
# makefile (from 'Makefile', line 1)
MAKEFILE_LIST := Makefile
# automatic
@F = $(notdir $@)
# environment
VSCODE_VERBOSE_LOGGING = true
# environment
VSCODE_PID = 21976
# automatic
?D = $(patsubst %/,%,$(dir $?))
# environment
MSMPI_BIN = C:\Program Files\Microsoft MPI\Bin\
# automatic
*F = $(notdir $*)
# environment
SW_SIM_TEMP = C:\ProgramData\SOLIDWORKS\SW_net_sim_temp\
# environment
WXDRIVE_START_ARGS = --wxdrive-setting=0 --disable-gpu --disable-software-rasterizer --enable-features=NetworkServiceInProcess
# automatic
<D = $(patsubst %/,%,$(dir $<))
# environment
VSCODE_NLS_CONFIG = {"locale":"zh-cn","availableLanguages":{"*":"zh-cn"},"_languagePackId":"7e2798734d22b5386c06852fa8a7c560.zh-cn","_translationsConfigFile":"C:\\Users\\13440\\AppData\\Roaming\\Code\\clp\\7e2798734d22b5386c06852fa8a7c560.zh-cn\\tcf.json","_cacheRoot":"C:\\Users\\13440\\AppData\\Roaming\\Code\\clp\\7e2798734d22b5386c06852fa8a7c560.zh-cn","_resolvedLanguagePackCoreLocation":"C:\\Users\\13440\\AppData\\Roaming\\Code\\clp\\7e2798734d22b5386c06852fa8a7c560.zh-cn\\3866c3553be8b268c8a7f8c0482c0c0177aa8bfa","_corruptedFile":"C:\\Users\\13440\\AppData\\Roaming\\Code\\clp\\7e2798734d22b5386c06852fa8a7c560.zh-cn\\corrupted.info","_languagePackSupport":true}
# environment
ANDROID_SDK_ROOT = D:\AndroidStudio\SDK
# environment
ONEDRIVECONSUMER = C:\Users\13440\OneDrive
# default
MAKE_HOST := x86_64-pc-cygwin
# environment
PROGRAMDATA = C:\ProgramData
# default
SHELL := /bin/sh
# environment
CLASSPATH = .;C:\Program Files\Java\jdk1.8.0_181\lib\dt.jar;C:\Program Files\Java\jdk1.8.0_181\lib\tools.jar;
# environment
HOMEPATH = \Users\13440
# default
MAKECMDGOALS := all
# environment
DRIVERDATA = C:\Windows\System32\Drivers\DriverData
# environment
COMSPEC = C:\WINDOWS\system32\cmd.exe
# environment
WINDIR = C:\WINDOWS
# environment
MAKELEVEL := 0
# default
MAKE = $(MAKE_COMMAND)
# environment
PATH = /cygdrive/d/mingw64/bin:/cygdrive/d/Vmware16/bin:/cygdrive/c/Program Files/Microsoft MPI/Bin:/cygdrive/c/Program Files (x86)/STMicroelectronics/st_toolset/asm:/cygdrive/c/Python/Scripts:/cygdrive/c/Python:/cygdrive/c/Program Files/Java/jdk1.8.0_181/bi:/cygdrive/c/Program Files/Java/jdk1.8.0_181/jre/bin":/cygdrive/c/Program Files (x86)/Common Files/Oracle/Java/javapath:/cygdrive/c/WINDOWS/system32:/cygdrive/c/WINDOWS:/cygdrive/c/WINDOWS/System32/Wbem:/cygdrive/c/WINDOWS/System32/WindowsPowerShell/v1.0:/cygdrive/c/WINDOWS/System32/OpenSSH:/cygdrive/c/Program Files/Git/cmd:/cygdrive/c/Program Files/dotnet:/cygdrive/c/Program Files/Java/jdk1.8.0_181/bin:/cygdrive/c/Program Files (x86)/NVIDIA Corporation/PhysX/Common:/cygdrive/c/Program Files/NVIDIA Corporation/NVIDIA NvDLISR:/cygdrive/c/Program Files/Common Files/Autodesk Shared:/cygdrive/d/Matlab2018/runtime/win64:/cygdrive/d/Matlab2018/bin:/cygdrive/c/Program Files (x86)/Windows Kits/8.1/Windows Performance Toolkit:/cygdrive/c/Program Files/NVIDIA GPU Computing Toolkit/CUDA/v11.0/bin:/cygdrive/c/Program Files/NVIDIA GPU Computing Toolkit/CUDA/v11.0/include:/cygdrive/c/Program Files/NVIDIA GPU Computing Toolkit/CUDA/v11.0/lib/x64:/cygdrive/c/Program Files/NVIDIA Corporation/NVSMI:/cygdrive/c/Program Files (x86)/STMicroelectronics/STM32 ST-LINK Utility/ST-LINK Utility:/cygdrive/c/WINDOWS/system32:/cygdrive/c/WINDOWS:/cygdrive/c/WINDOWS/System32/Wbem:/cygdrive/c/WINDOWS/System32/WindowsPowerShell/v1.0:/cygdrive/d/nodejs:/cygdrive/d/nodejs/node_global/node_modules:/cygdrive/d/nodejs/node_global:/cygdrive/c/WINDOWS/System32/OpenSSH:/cygdrive/d/Esp-tools/.espressif/tools/xtensa-esp32s2-elf/esp-2020r3-8.4.0/xtensa-esp32s2-elf/bin:/cygdrive/d/Esp-tools/.espressif/tools/xtensa-esp32-elf/esp-2020r3-8.4.0/xtensa-esp32-elf/bin:/cygdrive/d/Esp-tools/.espressif/tools/openocd-esp32/v0.10.0-esp32-20200709/openocd-esp32/bin:/cygdrive/d/Esp-tools/.espressif/tools/ninja/1.10.0:/cygdrive/d/Esp-tools/.espressif/tools/idf-exe/1.0.1:/cygdrive/d/Esp-tools/.espressif/tools/esp32ulp-elf/2.28.51-esp-20191205/esp32ulp-elf-binutils/bin:/cygdrive/d/Esp-tools/.espressif/tools/esp32s2ulp-elf/2.28.51-esp-20191205/esp32s2ulp-elf-binutils/bin:/cygdrive/d/Esp-tools/.espressif/tools/dfu-util/0.9/dfu-util-0.9-win64:/cygdrive/d/Esp-tools/.espressif/tools/cmake/3.16.4/bin:/cygdrive/d/Esp-tools/.espressif/tools/ccache/3.7:/cygdrive/d/Esp-tools/.espressif/python_env/idf4.2_py3.7_env/Scripts:/cygdrive/d/Esp-idf:/cygdrive/d/Esp-tools/.espressif/python_env/idf4.2_py3.7_env/Scripts:/cygdrive/d/SqlServer/Sql/130/Tools/Binn:/cygdrive/d/SqlServer/Sql Server/130/Tools/Binn:/cygdrive/d/SqlServer/Sql/130/DTS/Binn:/cygdrive/d/SqlServer/Sql Server/130/DTS/Binn:/cygdrive/d/SqlServer/Sql Server/Client SDK/ODBC/130/Tools/Binn:/cygdrive/d/SqlServer/Sql/150/DTS/Binn:/cygdrive/c/Program Files/Azure Data Studio/bin:/usr/bin:/cygdrive/d/Anaconda:/cygdrive/d/Anaconda/Library/mingw-w64/bin:/cygdrive/d/Anaconda/Library/usr/bin:/cygdrive/d/Anaconda/Library/bin:/cygdrive/d/Anaconda/Scripts:/cygdrive/c/Users/13440/AppData/Local/Microsoft/WindowsApps:/cygdrive/c/Program Files (x86)/Nmap:/cygdrive/c/Program Files/Bandizip:/cygdrive/c/Users/13440/.dotnet/tools:/cygdrive/c/Program Files/JetBrains/IntelliJ IDEA 2020.3.2/bin:/cygdrive/c/Program Files/JetBrains/PyCharm Community Edition 2020.3.3/bin:/cygdrive/c/Users/13440/AppData/Roaming/npm:/cygdrive/c/Users/13440/AppData/Local/Programs/Microsoft VS Code/bin
# environment
COMPUTERNAME = IMMORTAL
# default
MAKEFILES := 
# environment
KMP_DUPLICATE_LIB_OK = TRUE
# automatic
^F = $(notdir $^)
# environment
SW_SIM_MPIT = INTELMPI
# environment
PROMPT = $P$G
# environment
NVTOOLSEXT_PATH = C:\Program Files\NVIDIA Corporation\NvToolsExt\
# environment
INTELLIJ IDEA = C:\Program Files\JetBrains\IntelliJ IDEA 2020.3.2\bin;
# environment
LOGONSERVER = \\IMMORTAL
# environment
VSCODE_LOG_NATIVE = false
# environment
USERNAME = 13440
# environment
COMMONPROGRAMFILES = C:\Program Files\Common Files
# environment
ADSK_CLM_WPAD_PROXY_CHECK = FALSE
# automatic
?F = $(notdir $?)
# environment
PROGRAMW6432 = C:\Program Files
# environment
PATHEXT = .COM;.EXE;.BAT;.CMD;.VBS;.VBE;.JS;.JSE;.WSF;.WSH;.MSC
# automatic
+F = $(notdir $+)
# environment
ORIGINAL_XDG_CURRENT_DESKTOP = undefined
# environment
USERDOMAIN = IMMORTAL
# 'override' directive
GNUMAKEFLAGS := 
# environment
OS = Windows_NT
# makefile
.DEFAULT_GOAL := default
# default
MAKE_VERSION := 4.3
# environment
ARDUINO = C:\Program Files (x86)\Arduino
# environment
PROGRAMFILES(X86) = C:\Program Files (x86)
# environment
USERDOMAIN_ROAMINGPROFILE = IMMORTAL
# environment
NUMBER_OF_PROCESSORS = 8
# environment
PUBLIC = C:\Users\Public
# environment
APPDATA = C:\Users\13440\AppData\Roaming
# environment
HOMEDRIVE = C:
# environment
PROCESSOR_ARCHITECTURE = AMD64
# environment
NODE_PATH = D:\nodejs\node_global\node_modules
# environment
PYCHARM COMMUNITY EDITION = C:\Program Files\JetBrains\PyCharm Community Edition 2020.3.3\bin;
# environment
VSCODE_AMD_ENTRYPOINT = vs/workbench/services/extensions/node/extensionHostProcess
# environment
HOME = /home/13440
# environment
COMMONPROGRAMFILES(X86) = C:\Program Files (x86)\Common Files
# environment
ANDROID_AVD_HOME = D:\AndroidStudio\AVD
# environment
ELECTRON_RUN_AS_NODE = 1
# environment
TEMP = /cygdrive/c/Users/13440/AppData/Local/Temp
# environment
VSCODE_IPC_HOOK = \\.\pipe\f6373fad6db51b933421155777483b0f-1.59.1-main-sock
# environment
TERM = xterm-256color
# environment
ADSK_3DSMAX_X64_2020 = D:\3dmax\3ds Max 2020\
# default
.RECIPEPREFIX := 
# automatic
<F = $(notdir $<)
# default
SUFFIXES := 
# environment
ALLUSERSPROFILE = C:\ProgramData
# environment
SESSIONNAME = Console
# default
.FEATURES := target-specific order-only second-expansion else-if shortest-stem undefine oneshell nocomment grouped-target extra-prereqs archives jobserver output-sync check-symlink guile load
# environment
PROCESSOR_REVISION = 5e03
# environment
PROCESSOR_IDENTIFIER = Intel64 Family 6 Model 94 Stepping 3, GenuineIntel
# variable set hash-table stats:
# Load=121/1024=12%, Rehash=0, Collisions=12/148=8%

# Pattern-specific Variable Values

# No pattern-specific variable values.

# Directories

# . (device 4150639599, inode 13229323905430249): 15 files, no impossibilities.

# 15 files, no impossibilities in 1 directories.

# Implicit Rules

# No implicit rules.

# Files

default: TinySTL_Test.exe
#  Implicit rule search has not been done.
#  Modification time never checked.
#  File has not been updated.
#  recipe to execute (from 'Makefile', line 2):
	cmd.exe /C TinySTL_Test.exe

# Not a target:
TinySTL.h:
#  Implicit rule search has not been done.
#  Modification time never checked.
#  File has not been updated.

# Not a target:
Makefile:
#  Implicit rule search has been done.
#  Last modified 2021-08-24 15:42:27.7087029
#  File has been updated.
#  Successfully updated.

clean:
#  Implicit rule search has not been done.
#  Modification time never checked.
#  File has not been updated.
#  recipe to execute (from 'Makefile', line 6):
	cmd.exe /C del *.o
	cmd.exe /C del *.exe

TinySTL_Test.exe: main.c TinySTL.c TinySTL.h
#  Implicit rule search has not been done.
#  Modification time never checked.
#  File has not been updated.
#  recipe to execute (from 'Makefile', line 4):
	gcc -o $@ $^ -w

# Not a target:
.DEFAULT:
#  Implicit rule search has not been done.
#  Modification time never checked.
#  File has not been updated.

# Not a target:
all:
#  Command line target.
#  Implicit rule search has been done.
#  File does not exist.
#  File has not been updated.

# Not a target:
main.c:
#  Implicit rule search has not been done.
#  Modification time never checked.
#  File has not been updated.

# Not a target:
TinySTL.c:
#  Implicit rule search has not been done.
#  Modification time never checked.
#  File has not been updated.

# files hash-table stats:
# Load=10/1024=1%, Rehash=0, Collisions=0/25=0%
# VPATH Search Paths

# No 'vpath' search paths.

# No general ('VPATH' variable) search path.

# strcache buffers: 1 (0) / strings = 21 / storage = 170 B / avg = 8 B
# current buf: size = 8162 B / used = 170 B / count = 21 / avg = 8 B

# strcache performance: lookups = 33 / hit rate = 36%
# hash-table stats:
# Load=21/8192=0%, Rehash=0, Collisions=0/33=0%
# Finished Make data base on Thu Aug 26 12:35:21 2021

 
